<?xml version="1.0" encoding="UTF-8"?>
<!-- Generated by org.testng.reporters.JUnitXMLReporter -->
<testsuite hostname="Sony" name="Test" tests="16" failures="1" timestamp="21 Dec 2021 23:01:38 GMT" time="96.635" errors="0">
  <testcase name="selectDropDownVerification" time="4.322" classname="Academy.HomePageTestCases"/>
  <testcase name="radioButtonVerification" time="0.762" classname="Academy.HomePageTestCases"/>
  <testcase name="openNewTabVerification" time="9.33" classname="Academy.HomePageTestCases"/>
  <testcase name="disableButtonVerification" time="0.61" classname="Academy.HomePageTestCases"/>
  <testcase name="confirmButtonVerification" time="3.422" classname="Academy.HomePageTestCases"/>
  <testcase name="alertButtonVerification" time="3.061" classname="Academy.HomePageTestCases"/>
  <testcase name="enableButtonVerification" time="1.271" classname="Academy.HomePageTestCases"/>
  <testcase name="webTableContentVerification" time="0.75" classname="Academy.HomePageTestCases"/>
  <testcase name="showButtonVerification" time="1.074" classname="Academy.HomePageTestCases"/>
  <testcase name="hideButtonVerification" time="0.595" classname="Academy.HomePageTestCases"/>
  <testcase name="mouseHoverAndReloadVerification" time="10.387" classname="Academy.HomePageTestCases"/>
  <testcase name="countLinkMainPage" time="0.249" classname="Academy.HomePageTestCases"/>
  <testcase name="countLinkIFrame" time="1.301" classname="Academy.HomePageTestCases"/>
  <testcase name="invalidCredsTextVerification" time="7.843" classname="Academy.LoginPageTestCases"/>
  <testcase name="invalidCredsTextVerification" time="8.027" classname="Academy.LoginPageTestCases"/>
  <testcase name="intentionalFailure" time="0.22" classname="Academy.LoginPageTestCases">
    <failure type="java.lang.AssertionError" message="expected [Forgot Password] but found [Forgot Password?]">
      <![CDATA[java.lang.AssertionError: expected [Forgot Password] but found [Forgot Password?]
	at Academy.LoginPageTestCases.intentionalFailure(LoginPageTestCases.java:59)
	at org.apache.maven.surefire.testng.TestNGExecutor.run(TestNGExecutor.java:284)
	at org.apache.maven.surefire.testng.TestNGXmlTestSuite.execute(TestNGXmlTestSuite.java:75)
	at org.apache.maven.surefire.testng.TestNGProvider.invoke(TestNGProvider.java:119)
	at org.apache.maven.surefire.booter.ForkedBooter.runSuitesInProcess(ForkedBooter.java:428)
	at org.apache.maven.surefire.booter.ForkedBooter.execute(ForkedBooter.java:162)
	at org.apache.maven.surefire.booter.ForkedBooter.run(ForkedBooter.java:562)
	at org.apache.maven.surefire.booter.ForkedBooter.main(ForkedBooter.java:548)
... Removed 26 stack frames]]>
    </failure>
  </testcase> <!-- intentionalFailure -->
</testsuite> <!-- Test -->
