<?xml version="1.0" encoding="UTF-8"?>
<testsuite xmlns:xsi="http://www.w3.org/2001/XMLSchema-instance" xsi:noNamespaceSchemaLocation="https://maven.apache.org/surefire/maven-surefire-plugin/xsd/surefire-test-report-3.0.xsd" version="3.0" name="TestSuite" time="114.867" tests="16" errors="0" skipped="0" failures="1">
  <properties>
[...]
</properties>
  <testcase name="selectDropDownVerification" classname="Academy.HomePageTestCases" time="3.797">
    <system-out><![CDATA[Practice Page
]]></system-out>
    <system-err><![CDATA[Starting ChromeDriver 96.0.4664.45 (76e4c1bb2ab4671b8beba3444e61c0f17584b2fc-refs/branch-heads/4664@{#947}) on port 5139
Only local connections are allowed.
Please see https://chromedriver.chromium.org/security-considerations for suggestions on keeping ChromeDriver safe.
ChromeDriver was started successfully.
Dec 23, 2021 4:22:51 PM org.openqa.selenium.remote.ProtocolHandshake createSession
INFO: Detected dialect: W3C
]]></system-err>
  </testcase>
  <testcase name="radioButtonVerification" classname="Academy.HomePageTestCases" time="0.254"/>
  <testcase name="openNewTabVerification" classname="Academy.HomePageTestCases" time="8.995"/>
  <testcase name="disableButtonVerification" classname="Academy.HomePageTestCases" time="0.577"/>
  <testcase name="confirmButtonVerification" classname="Academy.HomePageTestCases" time="3.101"/>
  <testcase name="alertButtonVerification" classname="Academy.HomePageTestCases" time="2.952"/>
  <testcase name="enableButtonVerification" classname="Academy.HomePageTestCases" time="0.94"/>
  <testcase name="webTableContentVerification" classname="Academy.HomePageTestCases" time="0.839"/>
  <testcase name="showButtonVerification" classname="Academy.HomePageTestCases" time="1.037"/>
  <testcase name="hideButtonVerification" classname="Academy.HomePageTestCases" time="0.619"/>
  <testcase name="mouseHoverAndReloadVerification" classname="Academy.HomePageTestCases" time="8.853"/>
  <testcase name="countLinkMainPage" classname="Academy.HomePageTestCases" time="0.093"/>
  <testcase name="countLinkIFrame" classname="Academy.HomePageTestCases" time="0.858"/>
  <testcase name="invalidCredsTextVerification[amit.arora@gmail.com, 12345](1)" classname="Academy.LoginPageTestCases" time="7.988">
    <system-out><![CDATA[Practice Page
]]></system-out>
    <system-err><![CDATA[Starting ChromeDriver 96.0.4664.45 (76e4c1bb2ab4671b8beba3444e61c0f17584b2fc-refs/branch-heads/4664@{#947}) on port 33671
Only local connections are allowed.
Please see https://chromedriver.chromium.org/security-considerations for suggestions on keeping ChromeDriver safe.
ChromeDriver was started successfully.
Dec 23, 2021 4:23:45 PM org.openqa.selenium.remote.ProtocolHandshake createSession
INFO: Detected dialect: W3C
]]></system-err>
  </testcase>
  <testcase name="invalidCredsTextVerification[ram.sharma@gmail.com, 12345](2)" classname="Academy.LoginPageTestCases" time="7.887"/>
  <testcase name="intentionalFailure" classname="Academy.LoginPageTestCases" time="0.226">
    <failure message="expected [Forgot Password] but found [Forgot Password?]" type="java.lang.AssertionError"><![CDATA[java.lang.AssertionError: expected [Forgot Password] but found [Forgot Password?]
	at Academy.LoginPageTestCases.intentionalFailure(LoginPageTestCases.java:59)
]]></failure>
  </testcase>
</testsuite>